<?xml version="1.0" encoding="UTF-8"?>
<testsuite name="demo.UiApplicationTests" time="0.016" tests="1" errors="0" skipped="0" failures="0">
  <properties>
    <property name="java.runtime.name" value="Java(TM) SE Runtime Environment"/>
    <property name="sun.boot.library.path" value="C:\dk1.8.0_40\jre\bin"/>
    <property name="java.vm.version" value="25.40-b25"/>
    <property name="java.vm.vendor" value="Oracle Corporation"/>
    <property name="java.vendor.url" value="http://java.oracle.com/"/>
    <property name="path.separator" value=";"/>
    <property name="guice.disable.misplaced.annotation.check" value="true"/>
    <property name="java.vm.name" value="Java HotSpot(TM) Client VM"/>
    <property name="file.encoding.pkg" value="sun.io"/>
    <property name="user.script" value=""/>
    <property name="user.country" value="ES"/>
    <property name="sun.java.launcher" value="SUN_STANDARD"/>
    <property name="sun.os.patch.level" value="Service Pack 3"/>
    <property name="java.vm.specification.name" value="Java Virtual Machine Specification"/>
    <property name="user.dir" value="D:\principiante\springboot\ui"/>
    <property name="java.runtime.version" value="1.8.0_40-b25"/>
    <property name="java.awt.graphicsenv" value="sun.awt.Win32GraphicsEnvironment"/>
    <property name="java.endorsed.dirs" value="C:\dk1.8.0_40\jre\lib\endorsed"/>
    <property name="os.arch" value="x86"/>
    <property name="java.io.tmpdir" value="C:\DOCUME~1\MARIA\CONFIG~1\Temp\"/>
    <property name="line.separator" value="&#10;"/>
    <property name="java.vm.specification.vendor" value="Oracle Corporation"/>
    <property name="user.variant" value=""/>
    <property name="os.name" value="Windows XP"/>
    <property name="classworlds.conf" value="C:\apache-maven-3.2.5\bin\..\bin\m2.conf"/>
    <property name="sun.jnu.encoding" value="Cp1252"/>
    <property name="java.library.path" value="C:\dk1.8.0_40\bin;C:\WINDOWS\Sun\Java\bin;C:\WINDOWS\system32;C:\WINDOWS;C:\dk1.8.0_40\bin;C:\apache-maven-3.2.5\bin;C:\Documents and Settings\All Users\Datos de programa\Oracle\Java\javapath;D:\HashiCorp\Vagrant\embedded\mingw\bin\;C:\gradle-2.1\bin;C:\erl6.1\bin;C:\ruby193\bin;C:\Ruby187\bin;c:\c:\Sun\Java\jdk1.7.0_45\bin;C:\PHP;C:\WINDOWS\system32;C:\WINDOWS;C:\WINDOWS\System32\Wbem;c:\Sun\Java\jdk1.6.0_14\bin;C:\spring\springsource\apache-maven-3.0.3\bin;C:\apache-ant-1.8.2\bin;C:\Archivos de programa\cvsnt;C:\Archivos de programa\Archivos comunes\DivX Shared\;C:\Archivos de programa\SlikSvn\bin\;C:\apache-ant-1.8.2\bin;c:\curl;C:\Ruby200\bin;C:\Groovy\Groovy-2.1.3\bin;C:\grails\grails-2.2.2\bin;C:\Griffon-1.3.0\bin;C:\lift\sbt\0.7.7;C:\Heroku\bin;C:\Archivos de programa\git\cmd;C:\draupner;C:\WINDOWS\system32\WindowsPowerShell\v1.0;C:\Archivos de programa\Microsoft SQL Server\100\Tools\Binn\;C:\Archivos de programa\Microsoft SQL Server\100\DTS\Binn\;C:\Archivos de programa\Microsoft ASP.NET\ASP.NET Web Pages\v1.0\;C:\WINDOWS\Microsoft.NET\Framework\v4.0.30319;C:\Go\bin;C:\Mercurial\;C:\android\sdk\platform-tools;C:\android\sdk\tools;C:\Borland\BCC55\Bin;C:\GNUstep\mingw32\bin;D:\cygwin\bin;D:\cygwin\usr\bin;C:\libxml2\bin;c:\BaseX\bin;c:\saxon;C:\Archivos de programa\MIT\Kerberos\bin;C:\Archivos de programa\Microsoft\Web Platform Installer\;C:\OpenVPN\bin;&quot;C:\Archivos de programa\Notepad++&quot;;C:\cobertura-2.0.3;D:\HashiCorp\Vagrant\bin;C:\Chocolatey\bin;D:\nodejs\;d:\CloudFoundry;d:\Heroku\bin;C:\Archivos;C:\Documents and Settings\MARIA\Datos de programa\npm;."/>
    <property name="java.specification.name" value="Java Platform API Specification"/>
    <property name="java.class.version" value="52.0"/>
    <property name="sun.management.compiler" value="HotSpot Client Compiler"/>
    <property name="os.version" value="5.1"/>
    <property name="user.home" value="C:\Documents and Settings\MARIA"/>
    <property name="user.timezone" value="America/Buenos_Aires"/>
    <property name="java.awt.printerjob" value="sun.awt.windows.WPrinterJob"/>
    <property name="java.specification.version" value="1.8"/>
    <property name="file.encoding" value="Cp1252"/>
    <property name="user.name" value="MARIA"/>
    <property name="java.class.path" value="C:\apache-maven-3.2.5\bin\..\boot\plexus-classworlds-2.5.2.jar"/>
    <property name="java.vm.specification.version" value="1.8"/>
    <property name="sun.arch.data.model" value="32"/>
    <property name="java.home" value="C:\dk1.8.0_40\jre"/>
    <property name="sun.java.command" value="org.codehaus.plexus.classworlds.launcher.Launcher package"/>
    <property name="java.specification.vendor" value="Oracle Corporation"/>
    <property name="user.language" value="es"/>
    <property name="awt.toolkit" value="sun.awt.windows.WToolkit"/>
    <property name="java.vm.info" value="mixed mode, sharing"/>
    <property name="java.version" value="1.8.0_40"/>
    <property name="java.ext.dirs" value="C:\dk1.8.0_40\jre\lib\ext;C:\WINDOWS\Sun\Java\lib\ext"/>
    <property name="sun.boot.class.path" value="C:\dk1.8.0_40\jre\lib\resources.jar;C:\dk1.8.0_40\jre\lib\rt.jar;C:\dk1.8.0_40\jre\lib\sunrsasign.jar;C:\dk1.8.0_40\jre\lib\jsse.jar;C:\dk1.8.0_40\jre\lib\jce.jar;C:\dk1.8.0_40\jre\lib\charsets.jar;C:\dk1.8.0_40\jre\lib\jfr.jar;C:\dk1.8.0_40\jre\classes"/>
    <property name="sun.stderr.encoding" value="cp850"/>
    <property name="java.vendor" value="Oracle Corporation"/>
    <property name="maven.home" value="C:\apache-maven-3.2.5\bin\.."/>
    <property name="file.separator" value="\"/>
    <property name="java.vendor.url.bug" value="http://bugreport.sun.com/bugreport/"/>
    <property name="sun.cpu.endian" value="little"/>
    <property name="sun.io.unicode.encoding" value="UnicodeLittle"/>
    <property name="sun.stdout.encoding" value="cp850"/>
    <property name="sun.desktop" value="windows"/>
    <property name="sun.cpu.isalist" value="pentium_pro+mmx pentium_pro pentium+mmx pentium i486 i386 i86"/>
  </properties>
  <testcase name="contextLoads" classname="demo.UiApplicationTests" time="0.016"/>
</testsuite>